Terminais não utilizados na gramática

   IF
   WHILE
   DO
   ELSE
   SWITCH
   CASE
   FOR
   FLOAT


Gramática

    0 $accept: comandos $end

    1 comandos: atribuicao
    2         | /* vazio */

    3 $@1: /* vazio */

    4 atribuicao: ID DEMAIS INT ENDLINE $@1 comandos


Terminais, com as regras onde eles aparecem

$end (0) 0
error (256)
IF (258)
WHILE (259)
DO (260)
ELSE (261)
SWITCH (262)
CASE (263)
FOR (264)
ID (265) 4
INT (266) 4
FLOAT (267)
DEMAIS (268) 4
ENDLINE (269) 4


Não-terminais com as regras onde eles aparecem

$accept (15)
    à esquerda: 0
comandos (16)
    à esquerda: 1 2, à direita: 0 4
atribuicao (17)
    à esquerda: 4, à direita: 1
$@1 (18)
    à esquerda: 3, à direita: 4


estado 0

    0 $accept: . comandos $end

    ID  deslocar, e ir ao estado 1

    $padrão  reduzir usando a regra 2 (comandos)

    comandos    ir ao estado 2
    atribuicao  ir ao estado 3


estado 1

    4 atribuicao: ID . DEMAIS INT ENDLINE $@1 comandos

    DEMAIS  deslocar, e ir ao estado 4


estado 2

    0 $accept: comandos . $end

    $end  deslocar, e ir ao estado 5


estado 3

    1 comandos: atribuicao .

    $padrão  reduzir usando a regra 1 (comandos)


estado 4

    4 atribuicao: ID DEMAIS . INT ENDLINE $@1 comandos

    INT  deslocar, e ir ao estado 6


estado 5

    0 $accept: comandos $end .

    $padrão  aceitar


estado 6

    4 atribuicao: ID DEMAIS INT . ENDLINE $@1 comandos

    ENDLINE  deslocar, e ir ao estado 7


estado 7

    4 atribuicao: ID DEMAIS INT ENDLINE . $@1 comandos

    $padrão  reduzir usando a regra 3 ($@1)

    $@1  ir ao estado 8


estado 8

    4 atribuicao: ID DEMAIS INT ENDLINE $@1 . comandos

    ID  deslocar, e ir ao estado 1

    $padrão  reduzir usando a regra 2 (comandos)

    comandos    ir ao estado 9
    atribuicao  ir ao estado 3


estado 9

    4 atribuicao: ID DEMAIS INT ENDLINE $@1 comandos .

    $padrão  reduzir usando a regra 4 (atribuicao)
